
Copyright (c) 2006-2019, Elgris Technologies, Inc.

EDIF 2 0 0 to OrCAD Capture Schematic Conversion Program SPB 17.40_1.111 built Jul 26 2019

Started on Sun Nov 10 19:08:31 2024

Reading config file c:\cadence\spb_17.4\tools\capture\edi2cap.cfg

Processing EDIF 2 0 0  file D:\Allegro\Project\CanhMai\CNCMachineDevelopBoard\Done_To_HCMUT\CNCMACHINE.EDF

This is an OrCAD EDIF file.
.............................................................
..............................................................
...............................................................

EDIF 200 parsing finished

Library D:\ALLEGRO\PROJECT\CANHMAI\CNCMACHINEDEVELOPBOARD\DONE_TO_HCMUT\SMBJ12CA-13-F.OLB is created
Library D:\ALLEGRO\PROJECT\CANHMAI\CNCMACHINEDEVELOPBOARD\DONE_TO_HCMUT\MF-MSMF200.OLB is created
Library D:\ALLEGRO\PROJECT\CANHMAI\CNCMACHINEDEVELOPBOARD\DONE_TO_HCMUT\TBP02R1-381-02BE.OLB is created
Library D:\ALLEGRO\PROJECT\CANHMAI\CNCMACHINEDEVELOPBOARD\DONE_TO_HCMUT\CDRH127LDNP-470MC.OLB is created
Library D:\ALLEGRO\PROJECT\CANHMAI\CNCMACHINEDEVELOPBOARD\DONE_TO_HCMUT\BLM18SG121TN1D.OLB is created
Library D:\ALLEGRO\PROJECT\CANHMAI\CNCMACHINEDEVELOPBOARD\DONE_TO_HCMUT\6-1879417-7.OLB is created
Library D:\ALLEGRO\PROJECT\CANHMAI\CNCMACHINEDEVELOPBOARD\DONE_TO_HCMUT\KP-1608SURCK.OLB is created
Library D:\ALLEGRO\PROJECT\CANHMAI\CNCMACHINEDEVELOPBOARD\DONE_TO_HCMUT\LM1117MPX-33NOPB.OLB is created
Library D:\ALLEGRO\PROJECT\CANHMAI\CNCMACHINEDEVELOPBOARD\DONE_TO_HCMUT\PJ-035D.OLB is created
Library D:\ALLEGRO\PROJECT\CANHMAI\CNCMACHINEDEVELOPBOARD\DONE_TO_HCMUT\LM2596SX-12NOPB.OLB is created
Library D:\ALLEGRO\PROJECT\CANHMAI\CNCMACHINEDEVELOPBOARD\DONE_TO_HCMUT\1N4007W-T.OLB is created
Library D:\ALLEGRO\PROJECT\CANHMAI\CNCMACHINEDEVELOPBOARD\DONE_TO_HCMUT\500SSP1S1M2REA.OLB is created
Library D:\ALLEGRO\PROJECT\CANHMAI\CNCMACHINEDEVELOPBOARD\DONE_TO_HCMUT\ECS-2712-10-30B-RWY-TR.OLB is created
Library D:\ALLEGRO\PROJECT\CANHMAI\CNCMACHINEDEVELOPBOARD\DONE_TO_HCMUT\FFMD-08-X-X-X.OLB is created
Library D:\ALLEGRO\PROJECT\CANHMAI\CNCMACHINEDEVELOPBOARD\DONE_TO_HCMUT\SKRPACE010.OLB is created
Library D:\ALLEGRO\PROJECT\CANHMAI\CNCMACHINEDEVELOPBOARD\DONE_TO_HCMUT\ATMEGA328P-AN.OLB is created
Library D:\ALLEGRO\PROJECT\CANHMAI\CNCMACHINEDEVELOPBOARD\DONE_TO_HCMUT\TMS-101-21-G-S.OLB is created
Library D:\ALLEGRO\PROJECT\CANHMAI\CNCMACHINEDEVELOPBOARD\DONE_TO_HCMUT\CH340G.OLB is created
Library D:\ALLEGRO\PROJECT\CANHMAI\CNCMACHINEDEVELOPBOARD\DONE_TO_HCMUT\USBR-B-S-S-O-TH.OLB is created
Library D:\ALLEGRO\PROJECT\CANHMAI\CNCMACHINEDEVELOPBOARD\DONE_TO_HCMUT\LIBRARY1.OLB is created
Library D:\ALLEGRO\PROJECT\CANHMAI\CNCMACHINEDEVELOPBOARD\DONE_TO_HCMUT\TBP02R1-381-04BE.OLB is created
Library D:\ALLEGRO\PROJECT\CANHMAI\CNCMACHINEDEVELOPBOARD\DONE_TO_HCMUT\TBP02R1-381-03BE.OLB is created
Library D:\ALLEGRO\PROJECT\CANHMAI\CNCMACHINEDEVELOPBOARD\DONE_TO_HCMUT\5-146281-3.OLB is created
Library D:\ALLEGRO\PROJECT\CANHMAI\CNCMACHINEDEVELOPBOARD\DONE_TO_HCMUT\ESQ-102-48-L-S.OLB is created
Library D:\ALLEGRO\PROJECT\CANHMAI\CNCMACHINEDEVELOPBOARD\DONE_TO_HCMUT\A6S-3101-H.OLB is created
Library D:\ALLEGRO\PROJECT\CANHMAI\CNCMACHINEDEVELOPBOARD\DONE_TO_HCMUT\74LVC125APW.OLB is created
Library D:\ALLEGRO\PROJECT\CANHMAI\CNCMACHINEDEVELOPBOARD\DONE_TO_HCMUT\MSD-1-A.OLB is created
Library D:\ALLEGRO\PROJECT\CANHMAI\CNCMACHINEDEVELOPBOARD\DONE_TO_HCMUT\CNCMACHINE.OLB is created
              Design Unit is equal to 0.01000000 inches
              OrCAD pinSpacing is equal to : 0.10000001 inches
              OrCAD grid resolution is equal to: 10 Design Units
Library D:\ALLEGRO\PROJECT\CANHMAI\CNCMACHINEDEVELOPBOARD\DONE_TO_HCMUT\SMBJ12CA-13-F.OLB is being saved
Library D:\ALLEGRO\PROJECT\CANHMAI\CNCMACHINEDEVELOPBOARD\DONE_TO_HCMUT\MF-MSMF200.OLB is being saved
Library D:\ALLEGRO\PROJECT\CANHMAI\CNCMACHINEDEVELOPBOARD\DONE_TO_HCMUT\TBP02R1-381-02BE.OLB is being saved
Library D:\ALLEGRO\PROJECT\CANHMAI\CNCMACHINEDEVELOPBOARD\DONE_TO_HCMUT\CDRH127LDNP-470MC.OLB is being saved
Library D:\ALLEGRO\PROJECT\CANHMAI\CNCMACHINEDEVELOPBOARD\DONE_TO_HCMUT\BLM18SG121TN1D.OLB is being saved
Library D:\ALLEGRO\PROJECT\CANHMAI\CNCMACHINEDEVELOPBOARD\DONE_TO_HCMUT\6-1879417-7.OLB is being saved
Library D:\ALLEGRO\PROJECT\CANHMAI\CNCMACHINEDEVELOPBOARD\DONE_TO_HCMUT\KP-1608SURCK.OLB is being saved
Library D:\ALLEGRO\PROJECT\CANHMAI\CNCMACHINEDEVELOPBOARD\DONE_TO_HCMUT\LM1117MPX-33NOPB.OLB is being saved
Library D:\ALLEGRO\PROJECT\CANHMAI\CNCMACHINEDEVELOPBOARD\DONE_TO_HCMUT\PJ-035D.OLB is being saved
Library D:\ALLEGRO\PROJECT\CANHMAI\CNCMACHINEDEVELOPBOARD\DONE_TO_HCMUT\LM2596SX-12NOPB.OLB is being saved
Library D:\ALLEGRO\PROJECT\CANHMAI\CNCMACHINEDEVELOPBOARD\DONE_TO_HCMUT\1N4007W-T.OLB is being saved
Library D:\ALLEGRO\PROJECT\CANHMAI\CNCMACHINEDEVELOPBOARD\DONE_TO_HCMUT\500SSP1S1M2REA.OLB is being saved
Library D:\ALLEGRO\PROJECT\CANHMAI\CNCMACHINEDEVELOPBOARD\DONE_TO_HCMUT\ECS-2712-10-30B-RWY-TR.OLB is being saved
Library D:\ALLEGRO\PROJECT\CANHMAI\CNCMACHINEDEVELOPBOARD\DONE_TO_HCMUT\FFMD-08-X-X-X.OLB is being saved
Library D:\ALLEGRO\PROJECT\CANHMAI\CNCMACHINEDEVELOPBOARD\DONE_TO_HCMUT\SKRPACE010.OLB is being saved
Library D:\ALLEGRO\PROJECT\CANHMAI\CNCMACHINEDEVELOPBOARD\DONE_TO_HCMUT\ATMEGA328P-AN.OLB is being saved
Library D:\ALLEGRO\PROJECT\CANHMAI\CNCMACHINEDEVELOPBOARD\DONE_TO_HCMUT\TMS-101-21-G-S.OLB is being saved
Library D:\ALLEGRO\PROJECT\CANHMAI\CNCMACHINEDEVELOPBOARD\DONE_TO_HCMUT\CH340G.OLB is being saved
Library D:\ALLEGRO\PROJECT\CANHMAI\CNCMACHINEDEVELOPBOARD\DONE_TO_HCMUT\USBR-B-S-S-O-TH.OLB is being saved
Library D:\ALLEGRO\PROJECT\CANHMAI\CNCMACHINEDEVELOPBOARD\DONE_TO_HCMUT\LIBRARY1.OLB is being saved
Library D:\ALLEGRO\PROJECT\CANHMAI\CNCMACHINEDEVELOPBOARD\DONE_TO_HCMUT\TBP02R1-381-04BE.OLB is being saved
Library D:\ALLEGRO\PROJECT\CANHMAI\CNCMACHINEDEVELOPBOARD\DONE_TO_HCMUT\TBP02R1-381-03BE.OLB is being saved
Library D:\ALLEGRO\PROJECT\CANHMAI\CNCMACHINEDEVELOPBOARD\DONE_TO_HCMUT\5-146281-3.OLB is being saved
Library D:\ALLEGRO\PROJECT\CANHMAI\CNCMACHINEDEVELOPBOARD\DONE_TO_HCMUT\ESQ-102-48-L-S.OLB is being saved
Library D:\ALLEGRO\PROJECT\CANHMAI\CNCMACHINEDEVELOPBOARD\DONE_TO_HCMUT\A6S-3101-H.OLB is being saved
Library D:\ALLEGRO\PROJECT\CANHMAI\CNCMACHINEDEVELOPBOARD\DONE_TO_HCMUT\74LVC125APW.OLB is being saved
Library D:\ALLEGRO\PROJECT\CANHMAI\CNCMACHINEDEVELOPBOARD\DONE_TO_HCMUT\MSD-1-A.OLB is being saved
Library D:\ALLEGRO\PROJECT\CANHMAI\CNCMACHINEDEVELOPBOARD\DONE_TO_HCMUT\CNCMACHINE.OLB is being saved
       -------       
Converting Schematic SCHEMATIC1
Collecting Schematic information...
Converting Page MAIN
Starting CONNECT Transaction...
Finishing CONNECT Transaction...
Converting Page POWER
Starting CONNECT Transaction...
Finishing CONNECT Transaction...
Converting Page CONTROL
Starting CONNECT Transaction...
Finishing CONNECT Transaction...
Converting Page USB
Starting CONNECT Transaction...
Finishing CONNECT Transaction...
Converting Page SDCARD
Starting CONNECT Transaction...
Finishing CONNECT Transaction...
Expanding Schematic...
Converting Unreferenced Symbols from Design libraries
Writing D:\ALLEGRO\PROJECT\CANHMAI\CNCMACHINEDEVELOPBOARD\DONE_TO_HCMUT\CNCMACHINE.INI file
Preparing to save the design...
Design D:\ALLEGRO\PROJECT\CANHMAI\CNCMACHINEDEVELOPBOARD\DONE_TO_HCMUT\CNCMACHINE.DSN is being saved

Finished on Sun Nov 10 19:08:32 2024


0 errors detected, 0 warnings detected
