{ Using PSTWRITER 17.4.0 d001Nov-10-2024 at 19:11:41 }

#1 WARNING(ORCAP-36042): Pin "COVER_GND" is renamed to "COVER_GND#G2" as visible power pin of same name already exists in Package MSD-1-A , J18: SCHEMATIC1, SDCARD (2.80, 1.80).
#2 WARNING(ORCAP-36042): Pin "COVER_GND" is renamed to "COVER_GND#G1" as visible power pin of same name already exists in Package MSD-1-A , J18: SCHEMATIC1, SDCARD (2.80, 1.80).
#3 WARNING(ORCAP-36042): Pin "COVER_GND" is renamed to "COVER_GND#G4" as visible power pin of same name already exists in Package MSD-1-A , J18: SCHEMATIC1, SDCARD (2.80, 1.80).
#4 WARNING(ORCAP-36042): Pin "COVER_GND" is renamed to "COVER_GND#G3" as visible power pin of same name already exists in Package MSD-1-A , J18: SCHEMATIC1, SDCARD (2.80, 1.80).
#5 WARNING(ORCAP-36042): Pin "GND" is renamed to "GND#3" as visible power pin of same name already exists in Package LM2596SX-12NOPB , U14: SCHEMATIC1, POWER (4.70, 1.30).
#6 WARNING(ORCAP-36042): Pin "GND" is renamed to "GND#6" as visible power pin of same name already exists in Package LM2596SX-12NOPB , U14: SCHEMATIC1, POWER (4.70, 1.30).
#7 WARNING(ORCAP-36042): Pin "GND" is renamed to "GND#9" as visible power pin of same name already exists in Package A4988 , U15: SCHEMATIC1, CONTROL (1.80, 1.00).
#8 WARNING(ORCAP-36042): Pin "GND" is renamed to "GND#15" as visible power pin of same name already exists in Package A4988 , U15: SCHEMATIC1, CONTROL (1.80, 1.00).
#9 WARNING(ORCAP-36042): Pin "GND" is renamed to "GND#3" as visible power pin of same name already exists in Package ATMEGA328P-AN , U4: SCHEMATIC1, MAIN (2.30, 1.10).
#10 WARNING(ORCAP-36042): Pin "VCC" is renamed to "VCC#4" as visible power pin of same name already exists in Package ATMEGA328P-AN , U4: SCHEMATIC1, MAIN (2.30, 1.10).
#11 WARNING(ORCAP-36042): Pin "GND" is renamed to "GND#5" as visible power pin of same name already exists in Package ATMEGA328P-AN , U4: SCHEMATIC1, MAIN (2.30, 1.10).
#12 WARNING(ORCAP-36042): Pin "VCC" is renamed to "VCC#6" as visible power pin of same name already exists in Package ATMEGA328P-AN , U4: SCHEMATIC1, MAIN (2.30, 1.10).
#13 WARNING(ORCAP-36042): Pin "GND" is renamed to "GND#21" as visible power pin of same name already exists in Package ATMEGA328P-AN , U4: SCHEMATIC1, MAIN (2.30, 1.10).
#14 WARNING(ORCAP-36006): Part Name "ECS-2712-10-30B-RWY-TR_XTAL_ECS-2712-10-30B-RWY-TR_12MHZ 5032 4 PIN " is renamed to "ECS-2712-10-30B-RWY-TR_XTAL_ECS-2712-10-30B-RWY-TR_12MHZ 5032 4 PIN".
#15 WARNING(ORCAP-36042): Pin "GND" is renamed to "GND#2" as visible power pin of same name already exists in Package ECS-2712-10-30B-RWY-TR , Y5: SCHEMATIC1, USB (3.30, 4.00).
#16 WARNING(ORCAP-36042): Pin "GND" is renamed to "GND#4" as visible power pin of same name already exists in Package ECS-2712-10-30B-RWY-TR , Y5: SCHEMATIC1, USB (3.30, 4.00).
#17 WARNING(ORCAP-36042): Pin "GND" is renamed to "GND#2" as visible power pin of same name already exists in Package ECS-2712-10-30B-RWY-TR , Y6: SCHEMATIC1, MAIN (1.20, 4.50).
#18 WARNING(ORCAP-36042): Pin "GND" is renamed to "GND#4" as visible power pin of same name already exists in Package ECS-2712-10-30B-RWY-TR , Y6: SCHEMATIC1, MAIN (1.20, 4.50).
INFO(ORCAP-36080): Scanning netlist files ...

Loading... D:\ALLEGRO\PROJECT\CANHMAI\CNCMACHINEDEVELOPBOARD\DONE_TO_HCMUT\allegro\pstchip.dat

Loading... D:\ALLEGRO\PROJECT\CANHMAI\CNCMACHINEDEVELOPBOARD\DONE_TO_HCMUT\allegro\pstchip.dat

Loading... D:\ALLEGRO\PROJECT\CANHMAI\CNCMACHINEDEVELOPBOARD\DONE_TO_HCMUT\allegro\pstxprt.dat

Loading... D:\ALLEGRO\PROJECT\CANHMAI\CNCMACHINEDEVELOPBOARD\DONE_TO_HCMUT\allegro\pstxnet.dat
packaging the design view...